java.lang.Exception: Error getting Bloop class path
  bloop.rifle.BloopRifle$.startServer(BloopRifle.scala:51)
  bloop.rifle.BloopServer$.startBloop$1(BloopServer.scala:77)
  bloop.rifle.BloopServer$.ensureBloopRunning(BloopServer.scala:108)
  bloop.rifle.BloopServer$.bsp(BloopServer.scala:156)
  bloop.rifle.BloopServer$.buildServer(BloopServer.scala:186)
  scala.build.compiler.BloopCompilerMaker.$anonfun$1(BloopCompilerMaker.scala:48)
  scala.build.compiler.BloopCompiler.<init>(BloopCompiler.scala:15)
  scala.build.compiler.BloopCompilerMaker.$anonfun$2(BloopCompilerMaker.scala:51)
  scala.util.Try$.apply(Try.scala:217)
  scala.build.compiler.BloopCompilerMaker.create(BloopCompilerMaker.scala:51)
  scala.build.compiler.ScalaCompilerMaker.withCompiler(ScalaCompilerMaker.scala:34)
  scala.build.compiler.ScalaCompilerMaker.withCompiler$(ScalaCompilerMaker.scala:9)
  scala.build.compiler.BloopCompilerMaker.withCompiler(BloopCompilerMaker.scala:14)
  scala.build.Build$.build$$anonfun$3(Build.scala:611)
  scala.build.EitherCps$Helper.apply(EitherCps.scala:19)
  scala.build.Build$.build(Build.scala:596)
  scala.cli.commands.run.Run$.runCommand(Run.scala:334)
  scala.cli.commands.default.Default.runCommand(Default.scala:69)
  scala.cli.commands.default.Default.runCommand(Default.scala:40)
  scala.cli.commands.ScalaCommand.run(ScalaCommand.scala:390)
  scala.cli.commands.ScalaCommand.run(ScalaCommand.scala:371)
  caseapp.core.app.CaseApp.main(CaseApp.scala:166)
  scala.cli.commands.ScalaCommand.main(ScalaCommand.scala:356)
  caseapp.core.app.CommandsEntryPoint.main(CommandsEntryPoint.scala:370)
  scala.cli.ScalaCliCommands.main(ScalaCliCommands.scala:125)
  scala.cli.ScalaCli$.main0(ScalaCli.scala:320)
  scala.cli.ScalaCli$.main(ScalaCli.scala:124)
  scala.cli.ScalaCli.main(ScalaCli.scala)
scala.build.errors.FetchingDependenciesError: Error fetching artifacts:
https://repo1.maven.org/maven2/io/get-coursier/interface/1.0.22/interface-1.0.22.jar: download error: Caught java.nio.file.AccessDeniedException (C:\Users\luisg\AppData\Local\Coursier\cache\v1\https\repo1.maven.org\maven2\io\get-coursier\interface\1.0.22\interface-1.0.22.jar.lock) while downloading https://repo1.maven.org/maven2/io/get-coursier/interface/1.0.22/interface-1.0.22.jar

  scala.build.Artifacts$.fetchCsDependencies$$anonfun$1$$anonfun$2(Artifacts.scala:700)
  scala.util.Either$LeftProjection.map(Either.scala:622)
  scala.build.Artifacts$.fetchCsDependencies$$anonfun$1(Artifacts.scala:693)
  scala.build.EitherCps$Helper.apply(EitherCps.scala:19)
  scala.build.Artifacts$.fetchCsDependencies(Artifacts.scala:673)
  scala.build.Artifacts$.fetchAnyDependenciesWithResult$$anonfun$1(Artifacts.scala:592)
  scala.build.EitherCps$Helper.apply(EitherCps.scala:19)
  scala.build.Artifacts$.fetchAnyDependenciesWithResult(Artifacts.scala:571)
  scala.build.Artifacts$.fetchAnyDependencies$$anonfun$1(Artifacts.scala:557)
  scala.build.EitherCps$Helper.apply(EitherCps.scala:19)
  scala.build.Artifacts$.fetchAnyDependencies(Artifacts.scala:548)
  scala.build.Artifacts$.artifacts$$anonfun$1(Artifacts.scala:488)
  scala.build.EitherCps$Helper.apply(EitherCps.scala:19)
  scala.build.Artifacts$.artifacts(Artifacts.scala:486)
  scala.build.Bloop$.bloopClassPath$$anonfun$1(Bloop.scala:74)
  scala.build.EitherCps$Helper.apply(EitherCps.scala:19)
  scala.build.Bloop$.bloopClassPath(Bloop.scala:72)
  scala.build.Bloop$.bloopClassPath$$anonfun$2(Bloop.scala:105)
  scala.build.EitherCps$Helper.apply(EitherCps.scala:19)
  scala.build.Bloop$.bloopClassPath(Bloop.scala:95)
  scala.cli.commands.shared.SharedCompilationServerOptions.$anonfun$13(SharedCompilationServerOptions.scala:265)
  bloop.rifle.BloopRifle$.startServer(BloopRifle.scala:50)
  bloop.rifle.BloopServer$.startBloop$1(BloopServer.scala:77)
  bloop.rifle.BloopServer$.ensureBloopRunning(BloopServer.scala:108)
  bloop.rifle.BloopServer$.bsp(BloopServer.scala:156)
  bloop.rifle.BloopServer$.buildServer(BloopServer.scala:186)
  scala.build.compiler.BloopCompilerMaker.$anonfun$1(BloopCompilerMaker.scala:48)
  scala.build.compiler.BloopCompiler.<init>(BloopCompiler.scala:15)
  scala.build.compiler.BloopCompilerMaker.$anonfun$2(BloopCompilerMaker.scala:51)
  scala.util.Try$.apply(Try.scala:217)
  scala.build.compiler.BloopCompilerMaker.create(BloopCompilerMaker.scala:51)
  scala.build.compiler.ScalaCompilerMaker.withCompiler(ScalaCompilerMaker.scala:34)
  scala.build.compiler.ScalaCompilerMaker.withCompiler$(ScalaCompilerMaker.scala:9)
  scala.build.compiler.BloopCompilerMaker.withCompiler(BloopCompilerMaker.scala:14)
  scala.build.Build$.build$$anonfun$3(Build.scala:611)
  scala.build.EitherCps$Helper.apply(EitherCps.scala:19)
  scala.build.Build$.build(Build.scala:596)
  scala.cli.commands.run.Run$.runCommand(Run.scala:334)
  scala.cli.commands.default.Default.runCommand(Default.scala:69)
  scala.cli.commands.default.Default.runCommand(Default.scala:40)
  scala.cli.commands.ScalaCommand.run(ScalaCommand.scala:390)
  scala.cli.commands.ScalaCommand.run(ScalaCommand.scala:371)
  caseapp.core.app.CaseApp.main(CaseApp.scala:166)
  scala.cli.commands.ScalaCommand.main(ScalaCommand.scala:356)
  caseapp.core.app.CommandsEntryPoint.main(CommandsEntryPoint.scala:370)
  scala.cli.ScalaCliCommands.main(ScalaCliCommands.scala:125)
  scala.cli.ScalaCli$.main0(ScalaCli.scala:320)
  scala.cli.ScalaCli$.main(ScalaCli.scala:124)
  scala.cli.ScalaCli.main(ScalaCli.scala)
coursier.error.FetchError$DownloadingArtifacts: Error fetching artifacts:
https://repo1.maven.org/maven2/io/get-coursier/interface/1.0.22/interface-1.0.22.jar: download error: Caught java.nio.file.AccessDeniedException (C:\Users\luisg\AppData\Local\Coursier\cache\v1\https\repo1.maven.org\maven2\io\get-coursier\interface\1.0.22\interface-1.0.22.jar.lock) while downloading https://repo1.maven.org/maven2/io/get-coursier/interface/1.0.22/interface-1.0.22.jar

  coursier.Artifacts$.$anonfun$fetchArtifacts$9(Artifacts.scala:365)
  coursier.util.Task$.$anonfun$flatMap$extension$1(Task.scala:14)
  coursier.util.Task$.$anonfun$flatMap$extension$1$adapted(Task.scala:14)
  coursier.util.Task$.wrap(Task.scala:82)
  coursier.util.Task$.$anonfun$flatMap$2(Task.scala:14)
  scala.concurrent.impl.Promise$Transformation.run(Promise.scala:470)
  java.base@17.0.6/java.util.concurrent.ThreadPoolExecutor.runWorker(ThreadPoolExecutor.java:1136)
  java.base@17.0.6/java.util.concurrent.ThreadPoolExecutor$Worker.run(ThreadPoolExecutor.java:635)
  java.base@17.0.6/java.lang.Thread.run(Thread.java:833)
  com.oracle.svm.core.thread.PlatformThreads.threadStartRoutine(PlatformThreads.java:775)
  com.oracle.svm.core.windows.WindowsPlatformThreads.osThreadStartRoutine(WindowsPlatformThreads.java:178)
coursier.cache.ArtifactError$DownloadError: download error: Caught java.nio.file.AccessDeniedException (C:\Users\luisg\AppData\Local\Coursier\cache\v1\https\repo1.maven.org\maven2\io\get-coursier\interface\1.0.22\interface-1.0.22.jar.lock) while downloading https://repo1.maven.org/maven2/io/get-coursier/interface/1.0.22/interface-1.0.22.jar
  coursier.cache.internal.Downloader$.$anonfun$downloading$1(Downloader.scala:808)
  coursier.cache.internal.Retry.loop$1(Retry.scala:23)
  coursier.cache.internal.Retry.retryOpt(Retry.scala:39)
  coursier.cache.internal.Downloader$.coursier$cache$internal$Downloader$$downloading(Downloader.scala:812)
  coursier.cache.internal.Downloader$Blocking$.remote(Downloader.scala:428)
  coursier.cache.internal.Downloader.$anonfun$remote$6(Downloader.scala:546)
  scala.concurrent.Future$.$anonfun$apply$1(Future.scala:687)
  scala.concurrent.impl.Promise$Transformation.run(Promise.scala:467)
  java.base@17.0.6/java.util.concurrent.ThreadPoolExecutor.runWorker(ThreadPoolExecutor.java:1136)
  java.base@17.0.6/java.util.concurrent.ThreadPoolExecutor$Worker.run(ThreadPoolExecutor.java:635)
  java.base@17.0.6/java.lang.Thread.run(Thread.java:833)
  com.oracle.svm.core.thread.PlatformThreads.threadStartRoutine(PlatformThreads.java:775)
  com.oracle.svm.core.windows.WindowsPlatformThreads.osThreadStartRoutine(WindowsPlatformThreads.java:178)
java.nio.file.AccessDeniedException: C:\Users\luisg\AppData\Local\Coursier\cache\v1\https\repo1.maven.org\maven2\io\get-coursier\interface\1.0.22\interface-1.0.22.jar.lock
  java.base@17.0.6/sun.nio.fs.WindowsFileSystemProvider.implDelete(WindowsFileSystemProvider.java:275)
  java.base@17.0.6/sun.nio.fs.AbstractFileSystemProvider.deleteIfExists(AbstractFileSystemProvider.java:110)
  java.base@17.0.6/java.nio.file.Files.deleteIfExists(Files.java:1191)
  coursier.cache.CacheLocks$.loop$1(CacheLocks.scala:79)
  coursier.cache.CacheLocks$.withLockOr(CacheLocks.scala:93)
  coursier.cache.internal.Downloader$Blocking$.$anonfun$remote$1(Downloader.scala:426)
  coursier.cache.internal.Downloader$.$anonfun$downloading$2(Downloader.scala:776)
  coursier.cache.CacheLocks$.withUrlLock(CacheLocks.scala:112)
  coursier.cache.internal.Downloader$.$anonfun$downloading$1(Downloader.scala:776)
  coursier.cache.internal.Retry.loop$1(Retry.scala:23)
  coursier.cache.internal.Retry.retryOpt(Retry.scala:39)
  coursier.cache.internal.Downloader$.coursier$cache$internal$Downloader$$downloading(Downloader.scala:812)
  coursier.cache.internal.Downloader$Blocking$.remote(Downloader.scala:428)
  coursier.cache.internal.Downloader.$anonfun$remote$6(Downloader.scala:546)
  scala.concurrent.Future$.$anonfun$apply$1(Future.scala:687)
  scala.concurrent.impl.Promise$Transformation.run(Promise.scala:467)
  java.base@17.0.6/java.util.concurrent.ThreadPoolExecutor.runWorker(ThreadPoolExecutor.java:1136)
  java.base@17.0.6/java.util.concurrent.ThreadPoolExecutor$Worker.run(ThreadPoolExecutor.java:635)
  java.base@17.0.6/java.lang.Thread.run(Thread.java:833)
  com.oracle.svm.core.thread.PlatformThreads.threadStartRoutine(PlatformThreads.java:775)
  com.oracle.svm.core.windows.WindowsPlatformThreads.osThreadStartRoutine(WindowsPlatformThreads.java:178)
