java.lang.Exception: Error getting Bloop class path
  bloop.rifle.BloopRifle$.startServer(BloopRifle.scala:51)
  bloop.rifle.BloopServer$.startBloop$1(BloopServer.scala:77)
  bloop.rifle.BloopServer$.ensureBloopRunning(BloopServer.scala:108)
  bloop.rifle.BloopServer$.bsp(BloopServer.scala:156)
  bloop.rifle.BloopServer$.buildServer(BloopServer.scala:186)
  scala.build.compiler.BloopCompilerMaker.$anonfun$1(BloopCompilerMaker.scala:48)
  scala.build.compiler.BloopCompiler.<init>(BloopCompiler.scala:15)
  scala.build.compiler.BloopCompilerMaker.$anonfun$2(BloopCompilerMaker.scala:51)
  scala.util.Try$.apply(Try.scala:217)
  scala.build.compiler.BloopCompilerMaker.create(BloopCompilerMaker.scala:51)
  scala.build.compiler.ScalaCompilerMaker.withCompiler(ScalaCompilerMaker.scala:34)
  scala.build.compiler.ScalaCompilerMaker.withCompiler$(ScalaCompilerMaker.scala:9)
  scala.build.compiler.BloopCompilerMaker.withCompiler(BloopCompilerMaker.scala:14)
  scala.build.Build$.build$$anonfun$3(Build.scala:611)
  scala.build.EitherCps$Helper.apply(EitherCps.scala:19)
  scala.build.Build$.build(Build.scala:596)
  scala.cli.commands.run.Run$.runCommand(Run.scala:334)
  scala.cli.commands.default.Default.runCommand(Default.scala:69)
  scala.cli.commands.default.Default.runCommand(Default.scala:40)
  scala.cli.commands.ScalaCommand.run(ScalaCommand.scala:390)
  scala.cli.commands.ScalaCommand.run(ScalaCommand.scala:371)
  caseapp.core.app.CaseApp.main(CaseApp.scala:166)
  scala.cli.commands.ScalaCommand.main(ScalaCommand.scala:356)
  caseapp.core.app.CommandsEntryPoint.main(CommandsEntryPoint.scala:370)
  scala.cli.ScalaCliCommands.main(ScalaCliCommands.scala:125)
  scala.cli.ScalaCli$.main0(ScalaCli.scala:320)
  scala.cli.ScalaCli$.main(ScalaCli.scala:124)
  scala.cli.ScalaCli.main(ScalaCli.scala)
scala.build.errors.CompositeBuildException: 5 exceptions, first one: Error downloading org.scala-sbt:zinc-core_2.12:1.10.4
  No fallback URL found
  not found: C:\Users\luisg\.ivy2\local\org.scala-sbt\zinc-core_2.12\1.10.4\ivys\ivy.xml
  download error: Caught java.nio.file.AccessDeniedException (C:\Users\luisg\AppData\Local\Coursier\cache\v1\https\repo1.maven.org\maven2\org\scala-sbt\zinc-core_2.12\1.10.4\zinc-core_2.12-1.10.4.pom.lock) while downloading https://repo1.maven.org/maven2/org/scala-sbt/zinc-core_2.12/1.10.4/zinc-core_2.12-1.10.4.pom
  scala.build.errors.CompositeBuildException$.apply(CompositeBuildException.scala:37)
  scala.build.Artifacts$.fetchCsDependencies$$anonfun$1$$anonfun$2(Artifacts.scala:696)
  scala.util.Either$LeftProjection.map(Either.scala:622)
  scala.build.Artifacts$.fetchCsDependencies$$anonfun$1(Artifacts.scala:693)
  scala.build.EitherCps$Helper.apply(EitherCps.scala:19)
  scala.build.Artifacts$.fetchCsDependencies(Artifacts.scala:673)
  scala.build.Artifacts$.fetchAnyDependenciesWithResult$$anonfun$1(Artifacts.scala:592)
  scala.build.EitherCps$Helper.apply(EitherCps.scala:19)
  scala.build.Artifacts$.fetchAnyDependenciesWithResult(Artifacts.scala:571)
  scala.build.Artifacts$.fetchAnyDependencies$$anonfun$1(Artifacts.scala:557)
  scala.build.EitherCps$Helper.apply(EitherCps.scala:19)
  scala.build.Artifacts$.fetchAnyDependencies(Artifacts.scala:548)
  scala.build.Artifacts$.artifacts$$anonfun$1(Artifacts.scala:488)
  scala.build.EitherCps$Helper.apply(EitherCps.scala:19)
  scala.build.Artifacts$.artifacts(Artifacts.scala:486)
  scala.build.Bloop$.bloopClassPath$$anonfun$1(Bloop.scala:74)
  scala.build.EitherCps$Helper.apply(EitherCps.scala:19)
  scala.build.Bloop$.bloopClassPath(Bloop.scala:72)
  scala.build.Bloop$.bloopClassPath$$anonfun$2(Bloop.scala:105)
  scala.build.EitherCps$Helper.apply(EitherCps.scala:19)
  scala.build.Bloop$.bloopClassPath(Bloop.scala:95)
  scala.cli.commands.shared.SharedCompilationServerOptions.$anonfun$13(SharedCompilationServerOptions.scala:265)
  bloop.rifle.BloopRifle$.startServer(BloopRifle.scala:50)
  bloop.rifle.BloopServer$.startBloop$1(BloopServer.scala:77)
  bloop.rifle.BloopServer$.ensureBloopRunning(BloopServer.scala:108)
  bloop.rifle.BloopServer$.bsp(BloopServer.scala:156)
  bloop.rifle.BloopServer$.buildServer(BloopServer.scala:186)
  scala.build.compiler.BloopCompilerMaker.$anonfun$1(BloopCompilerMaker.scala:48)
  scala.build.compiler.BloopCompiler.<init>(BloopCompiler.scala:15)
  scala.build.compiler.BloopCompilerMaker.$anonfun$2(BloopCompilerMaker.scala:51)
  scala.util.Try$.apply(Try.scala:217)
  scala.build.compiler.BloopCompilerMaker.create(BloopCompilerMaker.scala:51)
  scala.build.compiler.ScalaCompilerMaker.withCompiler(ScalaCompilerMaker.scala:34)
  scala.build.compiler.ScalaCompilerMaker.withCompiler$(ScalaCompilerMaker.scala:9)
  scala.build.compiler.BloopCompilerMaker.withCompiler(BloopCompilerMaker.scala:14)
  scala.build.Build$.build$$anonfun$3(Build.scala:611)
  scala.build.EitherCps$Helper.apply(EitherCps.scala:19)
  scala.build.Build$.build(Build.scala:596)
  scala.cli.commands.run.Run$.runCommand(Run.scala:334)
  scala.cli.commands.default.Default.runCommand(Default.scala:69)
  scala.cli.commands.default.Default.runCommand(Default.scala:40)
  scala.cli.commands.ScalaCommand.run(ScalaCommand.scala:390)
  scala.cli.commands.ScalaCommand.run(ScalaCommand.scala:371)
  caseapp.core.app.CaseApp.main(CaseApp.scala:166)
  scala.cli.commands.ScalaCommand.main(ScalaCommand.scala:356)
  caseapp.core.app.CommandsEntryPoint.main(CommandsEntryPoint.scala:370)
  scala.cli.ScalaCliCommands.main(ScalaCliCommands.scala:125)
  scala.cli.ScalaCli$.main0(ScalaCli.scala:320)
  scala.cli.ScalaCli$.main(ScalaCli.scala:124)
  scala.cli.ScalaCli.main(ScalaCli.scala)
scala.build.errors.FetchingDependenciesError: Error downloading org.scala-sbt:zinc-core_2.12:1.10.4
  No fallback URL found
  not found: C:\Users\luisg\.ivy2\local\org.scala-sbt\zinc-core_2.12\1.10.4\ivys\ivy.xml
  download error: Caught java.nio.file.AccessDeniedException (C:\Users\luisg\AppData\Local\Coursier\cache\v1\https\repo1.maven.org\maven2\org\scala-sbt\zinc-core_2.12\1.10.4\zinc-core_2.12-1.10.4.pom.lock) while downloading https://repo1.maven.org/maven2/org/scala-sbt/zinc-core_2.12/1.10.4/zinc-core_2.12-1.10.4.pom
  scala.build.Artifacts$.toFetchingDependenciesError(Artifacts.scala:725)
  scala.build.Artifacts$.fetchCsDependencies$$anonfun$1$$anonfun$2$$anonfun$1(Artifacts.scala:696)
  scala.collection.immutable.List.map(List.scala:247)
  scala.collection.immutable.List.map(List.scala:79)
  scala.build.Artifacts$.fetchCsDependencies$$anonfun$1$$anonfun$2(Artifacts.scala:696)
  scala.util.Either$LeftProjection.map(Either.scala:622)
  scala.build.Artifacts$.fetchCsDependencies$$anonfun$1(Artifacts.scala:693)
  scala.build.EitherCps$Helper.apply(EitherCps.scala:19)
  scala.build.Artifacts$.fetchCsDependencies(Artifacts.scala:673)
  scala.build.Artifacts$.fetchAnyDependenciesWithResult$$anonfun$1(Artifacts.scala:592)
  scala.build.EitherCps$Helper.apply(EitherCps.scala:19)
  scala.build.Artifacts$.fetchAnyDependenciesWithResult(Artifacts.scala:571)
  scala.build.Artifacts$.fetchAnyDependencies$$anonfun$1(Artifacts.scala:557)
  scala.build.EitherCps$Helper.apply(EitherCps.scala:19)
  scala.build.Artifacts$.fetchAnyDependencies(Artifacts.scala:548)
  scala.build.Artifacts$.artifacts$$anonfun$1(Artifacts.scala:488)
  scala.build.EitherCps$Helper.apply(EitherCps.scala:19)
  scala.build.Artifacts$.artifacts(Artifacts.scala:486)
  scala.build.Bloop$.bloopClassPath$$anonfun$1(Bloop.scala:74)
  scala.build.EitherCps$Helper.apply(EitherCps.scala:19)
  scala.build.Bloop$.bloopClassPath(Bloop.scala:72)
  scala.build.Bloop$.bloopClassPath$$anonfun$2(Bloop.scala:105)
  scala.build.EitherCps$Helper.apply(EitherCps.scala:19)
  scala.build.Bloop$.bloopClassPath(Bloop.scala:95)
  scala.cli.commands.shared.SharedCompilationServerOptions.$anonfun$13(SharedCompilationServerOptions.scala:265)
  bloop.rifle.BloopRifle$.startServer(BloopRifle.scala:50)
  bloop.rifle.BloopServer$.startBloop$1(BloopServer.scala:77)
  bloop.rifle.BloopServer$.ensureBloopRunning(BloopServer.scala:108)
  bloop.rifle.BloopServer$.bsp(BloopServer.scala:156)
  bloop.rifle.BloopServer$.buildServer(BloopServer.scala:186)
  scala.build.compiler.BloopCompilerMaker.$anonfun$1(BloopCompilerMaker.scala:48)
  scala.build.compiler.BloopCompiler.<init>(BloopCompiler.scala:15)
  scala.build.compiler.BloopCompilerMaker.$anonfun$2(BloopCompilerMaker.scala:51)
  scala.util.Try$.apply(Try.scala:217)
  scala.build.compiler.BloopCompilerMaker.create(BloopCompilerMaker.scala:51)
  scala.build.compiler.ScalaCompilerMaker.withCompiler(ScalaCompilerMaker.scala:34)
  scala.build.compiler.ScalaCompilerMaker.withCompiler$(ScalaCompilerMaker.scala:9)
  scala.build.compiler.BloopCompilerMaker.withCompiler(BloopCompilerMaker.scala:14)
  scala.build.Build$.build$$anonfun$3(Build.scala:611)
  scala.build.EitherCps$Helper.apply(EitherCps.scala:19)
  scala.build.Build$.build(Build.scala:596)
  scala.cli.commands.run.Run$.runCommand(Run.scala:334)
  scala.cli.commands.default.Default.runCommand(Default.scala:69)
  scala.cli.commands.default.Default.runCommand(Default.scala:40)
  scala.cli.commands.ScalaCommand.run(ScalaCommand.scala:390)
  scala.cli.commands.ScalaCommand.run(ScalaCommand.scala:371)
  caseapp.core.app.CaseApp.main(CaseApp.scala:166)
  scala.cli.commands.ScalaCommand.main(ScalaCommand.scala:356)
  caseapp.core.app.CommandsEntryPoint.main(CommandsEntryPoint.scala:370)
  scala.cli.ScalaCliCommands.main(ScalaCliCommands.scala:125)
  scala.cli.ScalaCli$.main0(ScalaCli.scala:320)
  scala.cli.ScalaCli$.main(ScalaCli.scala:124)
  scala.cli.ScalaCli.main(ScalaCli.scala)
coursier.error.ResolutionError$CantDownloadModule: Error downloading org.scala-sbt:zinc-core_2.12:1.10.4
  No fallback URL found
  not found: C:\Users\luisg\.ivy2\local\org.scala-sbt\zinc-core_2.12\1.10.4\ivys\ivy.xml
  download error: Caught java.nio.file.AccessDeniedException (C:\Users\luisg\AppData\Local\Coursier\cache\v1\https\repo1.maven.org\maven2\org\scala-sbt\zinc-core_2.12\1.10.4\zinc-core_2.12-1.10.4.pom.lock) while downloading https://repo1.maven.org/maven2/org/scala-sbt/zinc-core_2.12/1.10.4/zinc-core_2.12-1.10.4.pom
  coursier.Resolve$.$anonfun$validate$1(Resolve.scala:414)
  scala.collection.immutable.List.map(List.scala:247)
  scala.collection.immutable.List.map(List.scala:79)
  coursier.Resolve$.validate(Resolve.scala:412)
  coursier.Resolve.validate0$1(Resolve.scala:165)
  coursier.Resolve.$anonfun$ioWithConflicts0$4(Resolve.scala:215)
  coursier.util.Task$.$anonfun$flatMap$extension$1(Task.scala:14)
  coursier.util.Task$.$anonfun$flatMap$extension$1$adapted(Task.scala:14)
  coursier.util.Task$.wrap(Task.scala:82)
  coursier.util.Task$.$anonfun$flatMap$2(Task.scala:14)
  scala.concurrent.impl.Promise$Transformation.run(Promise.scala:470)
  java.base@17.0.6/java.util.concurrent.ThreadPoolExecutor.runWorker(ThreadPoolExecutor.java:1136)
  java.base@17.0.6/java.util.concurrent.ThreadPoolExecutor$Worker.run(ThreadPoolExecutor.java:635)
  java.base@17.0.6/java.lang.Thread.run(Thread.java:833)
  com.oracle.svm.core.thread.PlatformThreads.threadStartRoutine(PlatformThreads.java:775)
  com.oracle.svm.core.windows.WindowsPlatformThreads.osThreadStartRoutine(WindowsPlatformThreads.java:178)
